{"/Users/lawrenceli/odin-projects/shopping-cart/src/components/ShoppingCart.jsx": {"path":"/Users/lawrenceli/odin-projects/shopping-cart/src/components/ShoppingCart.jsx","statementMap":{"0":{"start":{"line":5,"column":27},"end":{"line":5,"column":null}},"1":{"start":{"line":16,"column":21},"end":{"line":41,"column":null}},"2":{"start":{"line":17,"column":19},"end":{"line":21,"column":null}},"3":{"start":{"line":18,"column":4},"end":{"line":20,"column":null}},"4":{"start":{"line":19,"column":29},"end":{"line":19,"column":63}},"5":{"start":{"line":23,"column":2},"end":{"line":39,"column":null}},"6":{"start":{"line":31,"column":12},"end":{"line":33,"column":null}},"7":{"start":{"line":43,"column":0},"end":{"line":45,"column":null}}},"fnMap":{"0":{"name":"(anonymous_0)","decl":{"start":{"line":16,"column":21},"end":{"line":16,"column":22}},"loc":{"start":{"line":16,"column":35},"end":{"line":41,"column":null}}},"1":{"name":"(anonymous_1)","decl":{"start":{"line":17,"column":19},"end":{"line":17,"column":25}},"loc":{"start":{"line":17,"column":25},"end":{"line":21,"column":null}}},"2":{"name":"(anonymous_2)","decl":{"start":{"line":19,"column":14},"end":{"line":19,"column":15}},"loc":{"start":{"line":19,"column":29},"end":{"line":19,"column":63}}},"3":{"name":"(anonymous_3)","decl":{"start":{"line":30,"column":20},"end":{"line":30,"column":21}},"loc":{"start":{"line":31,"column":12},"end":{"line":33,"column":null}}}},"branchMap":{"0":{"loc":{"start":{"line":26,"column":7},"end":{"line":35,"column":null}},"type":"cond-expr","locations":[{"start":{"line":27,"column":8},"end":{"line":27,"column":null}},{"start":{"line":29,"column":8},"end":{"line":35,"column":null}}]}},"s":{"0":1,"1":1,"2":5,"3":5,"4":4,"5":5,"6":4,"7":1},"f":{"0":5,"1":5,"2":4,"3":4},"b":{"0":[3,2]}}
}
